2021-03-27 14:22:05,250 INFO o.a.j.u.JMeterUtils: Setting Locale to en_EN
2021-03-27 14:22:05,269 INFO o.a.j.JMeter: Loading user properties from: C:\apache-jmeter-5.4.1\bin\user.properties
2021-03-27 14:22:05,269 INFO o.a.j.JMeter: Loading system properties from: C:\apache-jmeter-5.4.1\bin\system.properties
2021-03-27 14:22:05,277 INFO o.a.j.JMeter: Copyright (c) 1998-2021 The Apache Software Foundation
2021-03-27 14:22:05,277 INFO o.a.j.JMeter: Version 5.4.1
2021-03-27 14:22:05,277 INFO o.a.j.JMeter: java.version=15.0.2
2021-03-27 14:22:05,277 INFO o.a.j.JMeter: java.vm.name=Java HotSpot(TM) 64-Bit Server VM
2021-03-27 14:22:05,277 INFO o.a.j.JMeter: os.name=Windows 10
2021-03-27 14:22:05,278 INFO o.a.j.JMeter: os.arch=amd64
2021-03-27 14:22:05,651 INFO o.a.j.JMeter: os.version=10.0
2021-03-27 14:22:05,651 INFO o.a.j.JMeter: file.encoding=Cp1252
2021-03-27 14:22:05,651 INFO o.a.j.JMeter: java.awt.headless=true
2021-03-27 14:22:05,652 INFO o.a.j.JMeter: Max memory     =1073741824
2021-03-27 14:22:05,652 INFO o.a.j.JMeter: Available Processors =8
2021-03-27 14:22:05,662 INFO o.a.j.JMeter: Default Locale=English (EN)
2021-03-27 14:22:05,662 INFO o.a.j.JMeter: JMeter  Locale=English (EN)
2021-03-27 14:22:05,662 INFO o.a.j.JMeter: JMeterHome=C:\apache-jmeter-5.4.1
2021-03-27 14:22:05,663 INFO o.a.j.JMeter: user.dir  =F:\SQA & Cyber Security\Performance Testing\Practice
2021-03-27 14:22:05,663 INFO o.a.j.JMeter: PWD       =F:\SQA & Cyber Security\Performance Testing\Practice
2021-03-27 14:22:05,664 INFO o.a.j.JMeter: IP: 192.168.1.2 Name: DESKTOP-A0DRGNL FullName: DESKTOP-A0DRGNL
2021-03-27 14:22:05,668 INFO o.a.j.JMeter: Setting property 'jmeter.reportgenerator.outputdir' to:'F:\SQA & Cyber Security\Performance Testing\Practice\reports'
2021-03-27 14:22:05,670 INFO o.a.j.s.FileServer: Default base='F:\SQA & Cyber Security\Performance Testing\Practice'
2021-03-27 14:22:05,671 INFO o.a.j.s.FileServer: Set new base='F:\SQA & Cyber Security\Performance Testing\Practice'
2021-03-27 14:22:05,794 INFO o.a.j.s.SaveService: Testplan (JMX) version: 2.2. Testlog (JTL) version: 2.2
2021-03-27 14:22:05,810 INFO o.a.j.s.SaveService: Using SaveService properties version 5.0
2021-03-27 14:22:05,812 INFO o.a.j.s.SaveService: Using SaveService properties file encoding UTF-8
2021-03-27 14:22:05,814 INFO o.a.j.s.SaveService: Loading file: LoadTest_1.jmx
2021-03-27 14:22:05,850 INFO o.a.j.p.h.s.HTTPSamplerBase: Parser for text/html is org.apache.jmeter.protocol.http.parser.LagartoBasedHtmlParser
2021-03-27 14:22:05,850 INFO o.a.j.p.h.s.HTTPSamplerBase: Parser for application/xhtml+xml is org.apache.jmeter.protocol.http.parser.LagartoBasedHtmlParser
2021-03-27 14:22:05,850 INFO o.a.j.p.h.s.HTTPSamplerBase: Parser for application/xml is org.apache.jmeter.protocol.http.parser.LagartoBasedHtmlParser
2021-03-27 14:22:05,850 INFO o.a.j.p.h.s.HTTPSamplerBase: Parser for text/xml is org.apache.jmeter.protocol.http.parser.LagartoBasedHtmlParser
2021-03-27 14:22:05,850 INFO o.a.j.p.h.s.HTTPSamplerBase: Parser for text/vnd.wap.wml is org.apache.jmeter.protocol.http.parser.RegexpHTMLParser
2021-03-27 14:22:05,851 INFO o.a.j.p.h.s.HTTPSamplerBase: Parser for text/css is org.apache.jmeter.protocol.http.parser.CssParser
2021-03-27 14:22:05,872 INFO o.a.j.JMeter: Creating summariser <summary>
2021-03-27 14:22:05,876 INFO o.a.j.r.d.ReportGenerator: ReportGenerator will use for Parsing the separator: ','
2021-03-27 14:22:05,876 INFO o.a.j.r.d.ReportGenerator: Will generate report at end of test from  results file: LoadTest_1.xml
2021-03-27 14:22:05,876 INFO o.a.j.r.d.ReportGenerator: Reading report generator properties from: C:\apache-jmeter-5.4.1\bin\reportgenerator.properties
2021-03-27 14:22:05,884 INFO o.a.j.r.d.ReportGenerator: Merging with JMeter properties
2021-03-27 14:22:05,887 INFO o.a.j.r.c.ReportGeneratorConfiguration: Property 'jmeter.reportgenerator.temp_dir' not found, using default value 'temp' instead.
2021-03-27 14:22:05,889 INFO o.a.j.r.c.ReportGeneratorConfiguration: Property 'jmeter.reportgenerator.apdex_per_transaction' not found, using default value 'null' instead.
2021-03-27 14:22:05,890 INFO o.a.j.r.c.ReportGeneratorConfiguration: apdex_per_transaction is empty, not APDEX per transaction customization
2021-03-27 14:22:05,890 INFO o.a.j.r.c.ReportGeneratorConfiguration: Property 'jmeter.reportgenerator.sample_filter' not found, using default value 'null' instead.
2021-03-27 14:22:05,890 INFO o.a.j.r.c.ReportGeneratorConfiguration: Property 'jmeter.reportgenerator.report_title' not found, using default value 'null' instead.
2021-03-27 14:22:05,890 INFO o.a.j.r.c.ReportGeneratorConfiguration: Property 'jmeter.reportgenerator.start_date' not found, using default value 'null' instead.
2021-03-27 14:22:05,890 INFO o.a.j.r.c.ReportGeneratorConfiguration: Property 'jmeter.reportgenerator.end_date' not found, using default value 'null' instead.
2021-03-27 14:22:05,890 INFO o.a.j.r.c.ReportGeneratorConfiguration: Property 'jmeter.reportgenerator.date_format' not found, using default value 'null' instead.
2021-03-27 14:22:05,890 INFO o.a.j.r.c.ReportGeneratorConfiguration: Will use date range start date: null, end date: null
2021-03-27 14:22:05,894 INFO o.a.j.r.c.ReportGeneratorConfiguration: Property 'jmeter.reportgenerator.graph.totalTPS.exclude_controllers' not found, using default value 'false' instead.
2021-03-27 14:22:05,894 INFO o.a.j.r.c.ReportGeneratorConfiguration: Property 'jmeter.reportgenerator.graph.activeThreadsOverTime.exclude_controllers' not found, using default value 'false' instead.
2021-03-27 14:22:05,894 INFO o.a.j.r.c.ReportGeneratorConfiguration: Property 'jmeter.reportgenerator.graph.timeVsThreads.exclude_controllers' not found, using default value 'false' instead.
2021-03-27 14:22:05,894 INFO o.a.j.r.c.ReportGeneratorConfiguration: Property 'jmeter.reportgenerator.graph.responseTimeDistribution.exclude_controllers' not found, using default value 'false' instead.
2021-03-27 14:22:05,894 INFO o.a.j.r.c.ReportGeneratorConfiguration: Property 'jmeter.reportgenerator.graph.transactionsPerSecond.exclude_controllers' not found, using default value 'false' instead.
2021-03-27 14:22:05,894 INFO o.a.j.r.c.ReportGeneratorConfiguration: Property 'jmeter.reportgenerator.graph.responseTimePercentiles.exclude_controllers' not found, using default value 'false' instead.
2021-03-27 14:22:05,895 INFO o.a.j.r.c.ReportGeneratorConfiguration: Property 'jmeter.reportgenerator.graph.responseTimePercentilesOverTime.exclude_controllers' not found, using default value 'false' instead.
2021-03-27 14:22:05,895 INFO o.a.j.r.c.ReportGeneratorConfiguration: Property 'jmeter.reportgenerator.graph.responseTimesOverTime.exclude_controllers' not found, using default value 'false' instead.
2021-03-27 14:22:05,895 INFO o.a.j.r.c.ReportGeneratorConfiguration: Property 'jmeter.reportgenerator.graph.connectTimeOverTime.exclude_controllers' not found, using default value 'false' instead.
2021-03-27 14:22:05,895 INFO o.a.j.r.c.ReportGeneratorConfiguration: Property 'jmeter.reportgenerator.graph.latenciesOverTime.exclude_controllers' not found, using default value 'false' instead.
2021-03-27 14:22:05,896 INFO o.a.j.r.c.ReportGeneratorConfiguration: Property 'jmeter.reportgenerator.exporter.json.filters_only_sample_series' not found, using default value 'true' instead.
2021-03-27 14:22:05,896 INFO o.a.j.r.c.ReportGeneratorConfiguration: Property 'jmeter.reportgenerator.exporter.json.series_filter' not found, using default value '' instead.
2021-03-27 14:22:05,896 INFO o.a.j.r.c.ReportGeneratorConfiguration: Property 'jmeter.reportgenerator.exporter.json.show_controllers_only' not found, using default value 'false' instead.
2021-03-27 14:22:05,896 INFO o.a.j.r.c.ReportGeneratorConfiguration: Property 'jmeter.reportgenerator.exporter.html.filters_only_sample_series' not found, using default value 'true' instead.
2021-03-27 14:22:05,896 INFO o.a.j.r.c.ReportGeneratorConfiguration: Property 'jmeter.reportgenerator.exporter.html.series_filter' not found, using default value '' instead.
2021-03-27 14:22:05,896 INFO o.a.j.r.c.ReportGeneratorConfiguration: Property 'jmeter.reportgenerator.exporter.html.show_controllers_only' not found, using default value 'false' instead.
2021-03-27 14:22:05,899 INFO o.a.j.e.StandardJMeterEngine: Running the test!
2021-03-27 14:22:05,900 INFO o.a.j.s.SampleEvent: List of sample_variables: []
2021-03-27 14:22:05,900 INFO o.a.j.s.SampleEvent: List of sample_variables: []
2021-03-27 14:22:05,905 INFO o.a.j.e.u.CompoundVariable: Note: Function class names must contain the string: '.functions.'
2021-03-27 14:22:05,905 INFO o.a.j.e.u.CompoundVariable: Note: Function class names must not contain the string: '.gui.'
2021-03-27 14:22:05,963 INFO o.a.j.JMeter: Running test (1616833325963)
2021-03-27 14:22:05,980 INFO o.a.j.e.StandardJMeterEngine: Starting ThreadGroup: 1 : Thread Group
2021-03-27 14:22:05,980 INFO o.a.j.e.StandardJMeterEngine: Starting 30 threads for group Thread Group.
2021-03-27 14:22:05,980 INFO o.a.j.e.StandardJMeterEngine: Thread will continue on error
2021-03-27 14:22:05,981 INFO o.a.j.t.ThreadGroup: Starting thread group... number=1 threads=30 ramp-up=1 delayedStart=false
2021-03-27 14:22:05,987 INFO o.a.j.t.JMeterThread: Thread started: Thread Group 1-1
2021-03-27 14:22:05,998 INFO o.a.j.t.ThreadGroup: Started thread group number 1
2021-03-27 14:22:05,999 INFO o.a.j.e.StandardJMeterEngine: All thread groups have been started
2021-03-27 14:22:06,017 INFO o.a.j.p.h.s.HTTPHCAbstractImpl: Local host = DESKTOP-A0DRGNL
2021-03-27 14:22:06,018 INFO o.a.j.t.JMeterThread: Thread started: Thread Group 1-2
2021-03-27 14:22:06,025 INFO o.a.j.p.h.s.HTTPHC4Impl: HTTP request retry count = 0
2021-03-27 14:22:06,028 INFO o.a.j.s.SampleResult: Note: Sample TimeStamps are START times
2021-03-27 14:22:06,028 INFO o.a.j.s.SampleResult: sampleresult.default.encoding is set to ISO-8859-1
2021-03-27 14:22:06,028 INFO o.a.j.s.SampleResult: sampleresult.useNanoTime=true
2021-03-27 14:22:06,029 INFO o.a.j.s.SampleResult: sampleresult.nanoThreadSleep=5000
2021-03-27 14:22:06,051 INFO o.a.j.t.JMeterThread: Thread started: Thread Group 1-3
2021-03-27 14:22:06,083 INFO o.a.j.t.JMeterThread: Thread started: Thread Group 1-4
2021-03-27 14:22:06,116 INFO o.a.j.t.JMeterThread: Thread started: Thread Group 1-5
2021-03-27 14:22:06,150 INFO o.a.j.t.JMeterThread: Thread started: Thread Group 1-6
2021-03-27 14:22:06,181 INFO o.a.j.t.JMeterThread: Thread started: Thread Group 1-7
2021-03-27 14:22:06,214 INFO o.a.j.t.JMeterThread: Thread started: Thread Group 1-8
2021-03-27 14:22:06,246 INFO o.a.j.t.JMeterThread: Thread started: Thread Group 1-9
2021-03-27 14:22:06,280 INFO o.a.j.t.JMeterThread: Thread started: Thread Group 1-10
2021-03-27 14:22:06,314 INFO o.a.j.t.JMeterThread: Thread started: Thread Group 1-11
2021-03-27 14:22:06,346 INFO o.a.j.t.JMeterThread: Thread started: Thread Group 1-12
2021-03-27 14:22:06,379 INFO o.a.j.t.JMeterThread: Thread started: Thread Group 1-13
2021-03-27 14:22:06,413 INFO o.a.j.t.JMeterThread: Thread started: Thread Group 1-14
2021-03-27 14:22:06,445 INFO o.a.j.t.JMeterThread: Thread started: Thread Group 1-15
2021-03-27 14:22:06,478 INFO o.a.j.t.JMeterThread: Thread started: Thread Group 1-16
2021-03-27 14:22:06,480 INFO o.a.j.p.h.s.h.LazyLayeredConnectionSocketFactory: Setting up HTTPS TrustAll Socket Factory
2021-03-27 14:22:06,488 INFO o.a.j.u.JsseSSLManager: Using default SSL protocol: TLS
2021-03-27 14:22:06,488 INFO o.a.j.u.JsseSSLManager: SSL session context: per-thread
2021-03-27 14:22:06,512 INFO o.a.j.t.JMeterThread: Thread started: Thread Group 1-17
2021-03-27 14:22:06,543 INFO o.a.j.t.JMeterThread: Thread started: Thread Group 1-18
2021-03-27 14:22:06,578 INFO o.a.j.t.JMeterThread: Thread started: Thread Group 1-19
2021-03-27 14:22:06,609 INFO o.a.j.t.JMeterThread: Thread started: Thread Group 1-20
2021-03-27 14:22:06,644 INFO o.a.j.t.JMeterThread: Thread started: Thread Group 1-21
2021-03-27 14:22:06,675 INFO o.a.j.t.JMeterThread: Thread started: Thread Group 1-22
2021-03-27 14:22:06,709 INFO o.a.j.t.JMeterThread: Thread started: Thread Group 1-23
2021-03-27 14:22:06,742 INFO o.a.j.t.JMeterThread: Thread started: Thread Group 1-24
2021-03-27 14:22:06,775 INFO o.a.j.t.JMeterThread: Thread started: Thread Group 1-25
2021-03-27 14:22:06,808 INFO o.a.j.t.JMeterThread: Thread started: Thread Group 1-26
2021-03-27 14:22:06,840 INFO o.a.j.t.JMeterThread: Thread started: Thread Group 1-27
2021-03-27 14:22:06,874 INFO o.a.j.t.JMeterThread: Thread started: Thread Group 1-28
2021-03-27 14:22:06,906 INFO o.a.j.t.JMeterThread: Thread started: Thread Group 1-29
2021-03-27 14:22:06,940 INFO o.a.j.t.JMeterThread: Thread started: Thread Group 1-30
2021-03-27 14:22:06,944 INFO o.a.j.u.SSLManager: JmeterKeyStore Location:  type JKS
2021-03-27 14:22:06,948 INFO o.a.j.u.SSLManager: KeyStore created OK
2021-03-27 14:22:06,948 WARN o.a.j.u.SSLManager: Keystore file not found, loading empty keystore
2021-03-27 14:22:08,747 INFO o.a.j.t.JMeterThread: Thread is done: Thread Group 1-20
2021-03-27 14:22:08,748 INFO o.a.j.t.JMeterThread: Thread finished: Thread Group 1-20
2021-03-27 14:22:08,759 INFO o.a.j.t.JMeterThread: Thread is done: Thread Group 1-24
2021-03-27 14:22:08,759 INFO o.a.j.t.JMeterThread: Thread finished: Thread Group 1-24
2021-03-27 14:22:08,765 INFO o.a.j.t.JMeterThread: Thread is done: Thread Group 1-26
2021-03-27 14:22:08,765 INFO o.a.j.t.JMeterThread: Thread is done: Thread Group 1-1
2021-03-27 14:22:08,765 INFO o.a.j.t.JMeterThread: Thread finished: Thread Group 1-26
2021-03-27 14:22:08,766 INFO o.a.j.t.JMeterThread: Thread finished: Thread Group 1-1
2021-03-27 14:22:08,771 INFO o.a.j.t.JMeterThread: Thread is done: Thread Group 1-21
2021-03-27 14:22:08,771 INFO o.a.j.t.JMeterThread: Thread finished: Thread Group 1-21
2021-03-27 14:22:08,782 INFO o.a.j.t.JMeterThread: Thread is done: Thread Group 1-11
2021-03-27 14:22:08,782 INFO o.a.j.t.JMeterThread: Thread is done: Thread Group 1-12
2021-03-27 14:22:08,782 INFO o.a.j.t.JMeterThread: Thread finished: Thread Group 1-11
2021-03-27 14:22:08,782 INFO o.a.j.t.JMeterThread: Thread is done: Thread Group 1-29
2021-03-27 14:22:08,782 INFO o.a.j.t.JMeterThread: Thread finished: Thread Group 1-12
2021-03-27 14:22:08,783 INFO o.a.j.t.JMeterThread: Thread finished: Thread Group 1-29
2021-03-27 14:22:08,793 INFO o.a.j.t.JMeterThread: Thread is done: Thread Group 1-18
2021-03-27 14:22:08,793 INFO o.a.j.t.JMeterThread: Thread finished: Thread Group 1-18
2021-03-27 14:22:08,794 INFO o.a.j.t.JMeterThread: Thread is done: Thread Group 1-6
2021-03-27 14:22:08,794 INFO o.a.j.t.JMeterThread: Thread finished: Thread Group 1-6
2021-03-27 14:22:08,798 INFO o.a.j.t.JMeterThread: Thread is done: Thread Group 1-7
2021-03-27 14:22:08,798 INFO o.a.j.t.JMeterThread: Thread finished: Thread Group 1-7
2021-03-27 14:22:08,799 INFO o.a.j.t.JMeterThread: Thread is done: Thread Group 1-22
2021-03-27 14:22:08,799 INFO o.a.j.t.JMeterThread: Thread finished: Thread Group 1-22
2021-03-27 14:22:08,806 INFO o.a.j.t.JMeterThread: Thread is done: Thread Group 1-19
2021-03-27 14:22:08,806 INFO o.a.j.t.JMeterThread: Thread finished: Thread Group 1-19
2021-03-27 14:22:08,806 INFO o.a.j.t.JMeterThread: Thread is done: Thread Group 1-27
2021-03-27 14:22:08,806 INFO o.a.j.t.JMeterThread: Thread finished: Thread Group 1-27
2021-03-27 14:22:08,807 INFO o.a.j.t.JMeterThread: Thread is done: Thread Group 1-13
2021-03-27 14:22:08,807 INFO o.a.j.t.JMeterThread: Thread is done: Thread Group 1-4
2021-03-27 14:22:08,807 INFO o.a.j.t.JMeterThread: Thread finished: Thread Group 1-13
2021-03-27 14:22:08,807 INFO o.a.j.t.JMeterThread: Thread finished: Thread Group 1-4
2021-03-27 14:22:08,808 INFO o.a.j.t.JMeterThread: Thread is done: Thread Group 1-9
2021-03-27 14:22:08,808 INFO o.a.j.t.JMeterThread: Thread is done: Thread Group 1-16
2021-03-27 14:22:08,808 INFO o.a.j.t.JMeterThread: Thread is done: Thread Group 1-5
2021-03-27 14:22:08,808 INFO o.a.j.t.JMeterThread: Thread finished: Thread Group 1-16
2021-03-27 14:22:08,808 INFO o.a.j.t.JMeterThread: Thread finished: Thread Group 1-9
2021-03-27 14:22:08,809 INFO o.a.j.t.JMeterThread: Thread finished: Thread Group 1-5
2021-03-27 14:22:08,810 INFO o.a.j.t.JMeterThread: Thread is done: Thread Group 1-3
2021-03-27 14:22:08,810 INFO o.a.j.t.JMeterThread: Thread is done: Thread Group 1-17
2021-03-27 14:22:08,899 INFO o.a.j.t.JMeterThread: Thread finished: Thread Group 1-3
2021-03-27 14:22:08,899 INFO o.a.j.t.JMeterThread: Thread finished: Thread Group 1-17
2021-03-27 14:22:08,900 INFO o.a.j.t.JMeterThread: Thread is done: Thread Group 1-2
2021-03-27 14:22:08,900 INFO o.a.j.t.JMeterThread: Thread finished: Thread Group 1-2
2021-03-27 14:22:08,900 INFO o.a.j.t.JMeterThread: Thread is done: Thread Group 1-25
2021-03-27 14:22:08,900 INFO o.a.j.t.JMeterThread: Thread is done: Thread Group 1-8
2021-03-27 14:22:08,900 INFO o.a.j.t.JMeterThread: Thread finished: Thread Group 1-8
2021-03-27 14:22:08,901 INFO o.a.j.t.JMeterThread: Thread finished: Thread Group 1-25
2021-03-27 14:22:08,899 INFO o.a.j.t.JMeterThread: Thread is done: Thread Group 1-15
2021-03-27 14:22:08,902 INFO o.a.j.t.JMeterThread: Thread finished: Thread Group 1-15
2021-03-27 14:22:08,902 INFO o.a.j.t.JMeterThread: Thread is done: Thread Group 1-23
2021-03-27 14:22:08,902 INFO o.a.j.t.JMeterThread: Thread is done: Thread Group 1-30
2021-03-27 14:22:08,902 INFO o.a.j.t.JMeterThread: Thread is done: Thread Group 1-28
2021-03-27 14:22:08,902 INFO o.a.j.t.JMeterThread: Thread finished: Thread Group 1-23
2021-03-27 14:22:08,902 INFO o.a.j.t.JMeterThread: Thread is done: Thread Group 1-14
2021-03-27 14:22:08,902 INFO o.a.j.t.JMeterThread: Thread finished: Thread Group 1-30
2021-03-27 14:22:08,902 INFO o.a.j.t.JMeterThread: Thread finished: Thread Group 1-28
2021-03-27 14:22:08,903 INFO o.a.j.t.JMeterThread: Thread finished: Thread Group 1-14
2021-03-27 14:22:08,902 INFO o.a.j.t.JMeterThread: Thread is done: Thread Group 1-10
2021-03-27 14:22:08,903 INFO o.a.j.t.JMeterThread: Thread finished: Thread Group 1-10
2021-03-27 14:22:08,904 INFO o.a.j.e.StandardJMeterEngine: Notifying test listeners of end of test
2021-03-27 14:22:08,922 INFO o.a.j.r.Summariser: summary =     60 in 00:00:03 =   20.3/s Avg:  1159 Min:   340 Max:  2354 Err:     0 (0.00%)
2021-03-27 14:22:08,922 INFO o.a.j.JMeter: Generating Dashboard
2021-03-27 14:22:08,922 INFO o.a.j.r.d.ReportGenerator: Flushing result collector before report Generation
2021-03-27 14:22:08,934 INFO o.a.j.r.p.NormalizerSampleConsumer: Using format, 'ms', to parse timeStamp field
2021-03-27 14:22:09,028 INFO o.a.j.r.p.AbstractSampleConsumer: class org.apache.jmeter.report.processor.AggregateConsumer#stopProducing(): beginDate produced 0 samples
2021-03-27 14:22:09,028 INFO o.a.j.r.p.AbstractSampleConsumer: class org.apache.jmeter.report.processor.AggregateConsumer#stopProducing(): endDate produced 0 samples
2021-03-27 14:22:09,030 INFO o.a.j.r.p.AbstractSampleConsumer: class org.apache.jmeter.report.processor.ApdexSummaryConsumer#stopProducing(): apdexSummary produced 0 samples
2021-03-27 14:22:09,030 INFO o.a.j.r.p.AbstractSampleConsumer: class org.apache.jmeter.report.processor.RequestsSummaryConsumer#stopProducing(): requestsSummary produced 0 samples
2021-03-27 14:22:09,035 INFO o.a.j.r.p.AbstractSampleConsumer: class org.apache.jmeter.report.processor.StatisticsSummaryConsumer#stopProducing(): statisticsSummary produced 0 samples
2021-03-27 14:22:09,041 INFO o.a.j.r.p.AbstractSampleConsumer: class org.apache.jmeter.report.processor.Top5ErrorsBySamplerConsumer#stopProducing(): top5ErrorsBySampler produced 0 samples
2021-03-27 14:22:09,042 INFO o.a.j.r.p.AbstractSampleConsumer: class org.apache.jmeter.report.processor.ErrorsSummaryConsumer#stopProducing(): errorsSummary produced 0 samples
2021-03-27 14:22:09,042 INFO o.a.j.r.p.AbstractSampleConsumer: class org.apache.jmeter.report.processor.graph.impl.HitsPerSecondGraphConsumer#stopProducing(): hitsPerSecond produced 0 samples
2021-03-27 14:22:09,059 INFO o.a.j.r.p.AbstractSampleConsumer: class org.apache.jmeter.report.processor.graph.impl.LatencyVSRequestGraphConsumer#stopProducing(): latencyVsRequest produced 0 samples
2021-03-27 14:22:09,060 INFO o.a.j.r.p.AbstractSampleConsumer: class org.apache.jmeter.report.processor.graph.impl.SyntheticResponseTimeDistributionGraphConsumer#stopProducing(): syntheticResponseTimeDistribution produced 0 samples
2021-03-27 14:22:09,060 INFO o.a.j.r.p.AbstractSampleConsumer: class org.apache.jmeter.report.processor.graph.impl.BytesThroughputGraphConsumer#stopProducing(): bytesThroughputOverTime produced 0 samples
2021-03-27 14:22:09,060 INFO o.a.j.r.p.AbstractSampleConsumer: class org.apache.jmeter.report.processor.graph.impl.CodesPerSecondGraphConsumer#stopProducing(): codesPerSecond produced 0 samples
2021-03-27 14:22:09,072 INFO o.a.j.r.p.AbstractSampleConsumer: class org.apache.jmeter.report.processor.graph.impl.ResponseTimeVSRequestGraphConsumer#stopProducing(): responseTimeVsRequest produced 0 samples
2021-03-27 14:22:09,072 INFO o.a.j.r.p.AbstractSampleConsumer: class org.apache.jmeter.report.processor.FilterConsumer#stopProducing(): startIntervalControlerFilter produced 420 samples
2021-03-27 14:22:09,072 INFO o.a.j.r.p.AbstractSampleConsumer: class org.apache.jmeter.report.processor.graph.impl.TotalTPSGraphConsumer#stopProducing(): totalTPS produced 0 samples
2021-03-27 14:22:09,072 INFO o.a.j.r.p.AbstractSampleConsumer: class org.apache.jmeter.report.processor.graph.impl.ActiveThreadsGraphConsumer#stopProducing(): activeThreadsOverTime produced 0 samples
2021-03-27 14:22:09,072 INFO o.a.j.r.p.AbstractSampleConsumer: class org.apache.jmeter.report.processor.graph.impl.TimeVSThreadGraphConsumer#stopProducing(): timeVsThreads produced 0 samples
2021-03-27 14:22:09,072 INFO o.a.j.r.p.AbstractSampleConsumer: class org.apache.jmeter.report.processor.graph.impl.ResponseTimeDistributionGraphConsumer#stopProducing(): responseTimeDistribution produced 0 samples
2021-03-27 14:22:09,073 INFO o.a.j.r.p.AbstractSampleConsumer: class org.apache.jmeter.report.processor.graph.impl.TransactionsPerSecondGraphConsumer#stopProducing(): transactionsPerSecond produced 0 samples
2021-03-27 14:22:09,073 INFO o.a.j.r.p.AbstractSampleConsumer: class org.apache.jmeter.report.processor.graph.impl.ResponseTimePercentilesGraphConsumer#stopProducing(): responseTimePercentiles produced 0 samples
2021-03-27 14:22:09,073 INFO o.a.j.r.p.AbstractSampleConsumer: class org.apache.jmeter.report.processor.graph.impl.ResponseTimePercentilesOverTimeGraphConsumer#stopProducing(): responseTimePercentilesOverTime produced 0 samples
2021-03-27 14:22:09,074 INFO o.a.j.r.p.AbstractSampleConsumer: class org.apache.jmeter.report.processor.graph.impl.ResponseTimeOverTimeGraphConsumer#stopProducing(): responseTimesOverTime produced 0 samples
2021-03-27 14:22:09,074 INFO o.a.j.r.p.AbstractSampleConsumer: class org.apache.jmeter.report.processor.graph.impl.ConnectTimeOverTimeGraphConsumer#stopProducing(): connectTimeOverTime produced 0 samples
2021-03-27 14:22:09,074 INFO o.a.j.r.p.AbstractSampleConsumer: class org.apache.jmeter.report.processor.graph.impl.LatencyOverTimeGraphConsumer#stopProducing(): latenciesOverTime produced 0 samples
2021-03-27 14:22:09,074 INFO o.a.j.r.p.AbstractSampleConsumer: class org.apache.jmeter.report.processor.FilterConsumer#stopProducing(): nameFilter produced 900 samples
2021-03-27 14:22:09,074 INFO o.a.j.r.p.AbstractSampleConsumer: class org.apache.jmeter.report.processor.FilterConsumer#stopProducing(): dateRangeFilter produced 180 samples
2021-03-27 14:22:09,074 INFO o.a.j.r.p.AbstractSampleConsumer: class org.apache.jmeter.report.processor.NormalizerSampleConsumer#stopProducing(): normalizer produced 60 samples
2021-03-27 14:22:09,075 INFO o.a.j.r.p.CsvFileSampleSource: produce(): 60 samples produced in 117ms on channel 0
2021-03-27 14:22:09,075 INFO o.a.j.r.d.ReportGenerator: Exporting data using exporter:'json' of className:'org.apache.jmeter.report.dashboard.JsonExporter'
2021-03-27 14:22:09,202 INFO o.a.j.r.d.JsonExporter: Found data for consumer statisticsSummary in context
2021-03-27 14:22:09,202 INFO o.a.j.r.d.JsonExporter: Creating statistics for overall
2021-03-27 14:22:09,203 INFO o.a.j.r.d.JsonExporter: Creating statistics for other transactions
2021-03-27 14:22:09,203 INFO o.a.j.r.d.JsonExporter: Checking output folder
2021-03-27 14:22:09,203 INFO o.a.j.r.d.JsonExporter: Writing statistics JSON to F:\SQA & Cyber Security\Performance Testing\Practice\reports\statistics.json
2021-03-27 14:22:09,237 INFO o.a.j.r.d.ReportGenerator: Exporting data using exporter:'html' of className:'org.apache.jmeter.report.dashboard.HtmlTemplateExporter'
2021-03-27 14:22:09,241 INFO o.a.j.r.d.HtmlTemplateExporter: Will generate dashboard in folder: F:\SQA & Cyber Security\Performance Testing\Practice\reports
2021-03-27 14:22:09,339 INFO o.a.j.r.d.HtmlTemplateExporter: Report will be generated in: F:\SQA & Cyber Security\Performance Testing\Practice\reports, creating folder structure
2021-03-27 14:22:09,342 INFO o.a.j.r.d.TemplateVisitor: Copying folder from 'C:\apache-jmeter-5.4.1\bin\report-template' to 'F:\SQA & Cyber Security\Performance Testing\Practice\reports', got message: F:\SQA & Cyber Security\Performance Testing\Practice\reports, found non empty folder with following content [F:\SQA & Cyber Security\Performance Testing\Practice\reports\statistics.json], will be ignored
2021-03-27 14:22:11,701 INFO o.a.j.JMeter: Dashboard generated
